<?xml version="1.0" encoding="UTF-8"?>
<robot generator="Robot 3.0.2 (Python 3.6.2 on win32)" generated="20180205 13:29:05.025">
<suite id="s1" name="PitneyBowes" source="C:\Users\nex4vgv\PycharmProjects\Practice-RobotFramework\Tests\PitneyBowes.robot">
<test id="s1-t1" name="User must sign in to check out">
<kw name="Open Browser" library="Selenium2Library">
<doc>Opens a new browser instance to the given ``url``.</doc>
<arguments>
<arg>https://www.pitneybowes.com/in</arg>
<arg>chrome</arg>
</arguments>
<msg timestamp="20180205 13:29:05.931" level="INFO">Opening browser 'chrome' to base url 'https://www.pitneybowes.com/in'.</msg>
<status status="PASS" starttime="20180205 13:29:05.931" endtime="20180205 13:29:16.120"></status>
</kw>
<kw name="Sleep" library="BuiltIn">
<doc>Pauses the test executed for the given time.</doc>
<arguments>
<arg>5s</arg>
</arguments>
<msg timestamp="20180205 13:29:21.138" level="INFO">Slept 5 seconds</msg>
<status status="PASS" starttime="20180205 13:29:16.137" endtime="20180205 13:29:21.138"></status>
</kw>
<kw name="Click Element" library="Selenium2Library">
<doc>Click element identified by ``locator``.</doc>
<arguments>
<arg>xpath=//h2[text()="Customer Engagement"]</arg>
</arguments>
<msg timestamp="20180205 13:29:21.139" level="INFO">Clicking element 'xpath=//h2[text()="Customer Engagement"]'.</msg>
<status status="PASS" starttime="20180205 13:29:21.138" endtime="20180205 13:29:22.773"></status>
</kw>
<kw name="Sleep" library="BuiltIn">
<doc>Pauses the test executed for the given time.</doc>
<arguments>
<arg>5s</arg>
</arguments>
<msg timestamp="20180205 13:29:27.779" level="INFO">Slept 5 seconds</msg>
<status status="PASS" starttime="20180205 13:29:22.773" endtime="20180205 13:29:27.779"></status>
</kw>
<kw name="Click Element" library="Selenium2Library">
<doc>Click element identified by ``locator``.</doc>
<arguments>
<arg>xpath=//h1[2]</arg>
</arguments>
<msg timestamp="20180205 13:29:27.779" level="INFO">Clicking element 'xpath=//h1[2]'.</msg>
<status status="PASS" starttime="20180205 13:29:27.779" endtime="20180205 13:29:27.886"></status>
</kw>
<kw name="Sleep" library="BuiltIn">
<doc>Pauses the test executed for the given time.</doc>
<arguments>
<arg>3s</arg>
</arguments>
<msg timestamp="20180205 13:29:30.889" level="INFO">Slept 3 seconds</msg>
<status status="PASS" starttime="20180205 13:29:27.886" endtime="20180205 13:29:30.889"></status>
</kw>
<kw name="Close Browser" library="Selenium2Library">
<doc>Closes the current browser.</doc>
<status status="PASS" starttime="20180205 13:29:30.889" endtime="20180205 13:29:34.015"></status>
</kw>
<doc>This is some basic information about the test</doc>
<tags>
<tag>Smoke</tag>
</tags>
<status status="PASS" starttime="20180205 13:29:05.921" endtime="20180205 13:29:34.015" critical="yes"></status>
</test>
<doc>This is some basic information about the whole suit</doc>
<status status="PASS" starttime="20180205 13:29:05.025" endtime="20180205 13:29:34.015"></status>
</suite>
<statistics>
<total>
<stat pass="1" fail="0">Critical Tests</stat>
<stat pass="1" fail="0">All Tests</stat>
</total>
<tag>
<stat pass="1" fail="0">Smoke</stat>
</tag>
<suite>
<stat pass="1" fail="0" id="s1" name="PitneyBowes">PitneyBowes</stat>
</suite>
</statistics>
<errors>
</errors>
</robot>
